<?xml version="1.0" encoding="UTF-8"?>
<!-- Generated by org.testng.reporters.JUnitXMLReporter -->
<testsuite ignored="2" hostname="DESKTOP-EN2LGLN" failures="0" tests="2" name="FirefoxTest" time="112.923" errors="0" timestamp="2025-05-31T17:07:47 IST">
  <testcase classname="com.rims.testcases.DispositionTestcase" name="verifyBclTab" time="0.0">
    <skipped/>
  </testcase> <!-- verifyBclTab -->
  <testcase classname="com.rims.testcases.BrandcallLogTest" name="verifyBCLtab" time="0.001">
    <skipped/>
  </testcase> <!-- verifyBCLtab -->
  <testcase classname="com.rims.utils.LaunchBaseClass" name="@BeforeTest setup" time="0.0">
    <ignored/>
  </testcase> <!-- @BeforeTest setup -->
  <testcase classname="com.rims.utils.LaunchBaseClass" name="@BeforeTest setup" time="0.0">
    <ignored/>
  </testcase> <!-- @BeforeTest setup -->
</testsuite> <!-- FirefoxTest -->
