<?xml version="1.0" encoding="UTF-8"?>
<!-- Generated by org.testng.reporters.JUnitReportReporter -->
<testsuite hostname="DESKTOP-EN2LGLN" failures="0" tests="4" name="com.rims.testcases.InsuranceTest" time="6.108" errors="0" timestamp="2025-06-25T17:50:01 IST" skipped="1">
  <testcase classname="com.rims.testcases.InsuranceTest" name="TC_001verifyInsTabInfo" time="2.235"/>
  <testcase classname="com.rims.testcases.InsuranceTest" name="clkInsTab" time="0.648"/>
  <testcase classname="com.rims.testcases.InsuranceTest" name="TC_003CLKPendingClaimTktTab" time="3.225"/>
  <testcase classname="com.rims.testcases.InsuranceTest" name="TC_002CLKInsuranceTab">
    <skipped/>
  </testcase> <!-- TC_002CLKInsuranceTab -->
</testsuite> <!-- com.rims.testcases.InsuranceTest -->
