<?xml version="1.0" encoding="UTF-8"?>
<!-- Generated by org.testng.reporters.JUnitReportReporter -->
<testsuite hostname="DESKTOP-EN2LGLN" failures="0" tests="6" name="com.rims.testcases.BrandcallLogTest" time="0.004" errors="0" timestamp="2025-07-02T17:03:40 IST" skipped="6">
  <testcase classname="com.rims.testcases.BrandcallLogTest" name="TC_003_ClickBCLmodule" time="0.001">
    <skipped/>
  </testcase> <!-- TC_003_ClickBCLmodule -->
  <testcase classname="com.rims.testcases.BrandcallLogTest" name="TC_00_6verifypendingBclTicketPage" time="0.000">
    <skipped/>
  </testcase> <!-- TC_00_6verifypendingBclTicketPage -->
  <testcase classname="com.rims.testcases.BrandcallLogTest" name="TC_007_verifyPendingConfirmationPage" time="0.000">
    <skipped/>
  </testcase> <!-- TC_007_verifyPendingConfirmationPage -->
  <testcase classname="com.rims.testcases.BrandcallLogTest" name="TC_008verifyPendingDecisionPage" time="0.003">
    <skipped/>
  </testcase> <!-- TC_008verifyPendingDecisionPage -->
  <testcase classname="com.rims.testcases.BrandcallLogTest" name="TC_004_VerifyPendingConfirmationPage">
    <skipped/>
  </testcase> <!-- TC_004_VerifyPendingConfirmationPage -->
  <testcase classname="com.rims.testcases.BrandcallLogTest" name="TC_005_IsRecordsArePresent">
    <skipped/>
  </testcase> <!-- TC_005_IsRecordsArePresent -->
</testsuite> <!-- com.rims.testcases.BrandcallLogTest -->
