<?xml version="1.0" encoding="UTF-8"?>
<testng-results ignored="0" total="1" passed="1" failed="0" skipped="0">
  <reporter-output>
  </reporter-output>
  <suite started-at="2025-03-25T14:41:13 IST" name="Default suite" finished-at="2025-03-25T14:41:18 IST" duration-ms="4692">
    <groups>
    </groups>
    <test started-at="2025-03-25T14:41:13 IST" name="Default test" finished-at="2025-03-25T14:41:18 IST" duration-ms="4692">
      <class name="com.test.com.test.ReturnCreation">
        <test-method signature="getResponse()[pri:0, instance:com.test.com.test.ReturnCreation@66d3eec0]" started-at="2025-03-25T14:41:14 IST" name="getResponse" finished-at="2025-03-25T14:41:18 IST" duration-ms="4616" status="PASS">
          <reporter-output>
          </reporter-output>
        </test-method> <!-- getResponse -->
      </class> <!-- com.test.com.test.ReturnCreation -->
    </test> <!-- Default test -->
  </suite> <!-- Default suite -->
</testng-results>
